Wed 15 Mar 2023 11:15:46 PM CDT
Wed 15 Mar 2023 11:18:35 PM CDT
Direwolf in GUI mode start up
DISPLAY=:0
-----------------------
Wed 15 Mar 2023 11:29:10 PM CDT
Direwolf in GUI mode start up
DISPLAY=:0
-----------------------
Direwolf in CLI mode start up
There is a screen on:
	1270.direwolf	(03/27/2023 08:18:02 PM)	(Detached)
1 Socket in /run/screen/S-root.
-----------------------
Direwolf in CLI mode start up
No Sockets found in /run/screen/S-root.

-----------------------
Direwolf in CLI mode start up
No Sockets found in /run/screen/S-root.

-----------------------
Direwolf in CLI mode start up
There is a screen on:
	1377.direwolf	(03/27/2023 08:21:01 PM)	(Detached)
1 Socket in /run/screen/S-root.
-----------------------
Mon 27 Mar 2023 08:56:58 PM CDT
Direwolf in GUI mode start up
DISPLAY=:0
-----------------------
Mon 27 Mar 2023 09:00:02 PM CDT
Direwolf in GUI mode start up
DISPLAY=:0
-----------------------
Mon 27 Mar 2023 09:23:53 PM CDT
